Connecting to AndroidWorld emulator on port 5554 ...
WARNING: All log messages before absl::InitializeLog() is called are written to STDERR
I0000 00:00:1777121020.495478 7770908 fork_posix.cc:71] Other threads are currently calling into gRPC, skipping fork() handlers
I0000 00:00:1777121020.535945 7770908 fork_posix.cc:71] Other threads are currently calling into gRPC, skipping fork() handlers
I0000 00:00:1777121020.571168 7770908 fork_posix.cc:71] Other threads are currently calling into gRPC, skipping fork() handlers
I0000 00:00:1777121020.620502 7771044 fork_posix.cc:71] Other threads are currently calling into gRPC, skipping fork() handlers
I0000 00:00:1777121034.388508 7770908 fork_posix.cc:71] Other threads are currently calling into gRPC, skipping fork() handlers
E0000 00:00:1777121034.441276 7770908 tcp_posix.cc:595] recvmsg encountered uncommon error: Message too long
I0000 00:00:1777121034.453697 7770908 fork_posix.cc:71] Other threads are currently calling into gRPC, skipping fork() handlers
I0000 00:00:1777121034.479613 7770908 fork_posix.cc:71] Other threads are currently calling into gRPC, skipping fork() handlers
I0000 00:00:1777121035.506215 7770908 fork_posix.cc:71] Other threads are currently calling into gRPC, skipping fork() handlers
I0000 00:00:1777121036.565499 7770908 fork_posix.cc:71] Other threads are currently calling into gRPC, skipping fork() handlers
I0000 00:00:1777121036.632989 7770908 fork_posix.cc:71] Other threads are currently calling into gRPC, skipping fork() handlers
I0000 00:00:1777121036.665910 7770908 fork_posix.cc:71] Other threads are currently calling into gRPC, skipping fork() handlers
I0000 00:00:1777121036.694040 7770908 fork_posix.cc:71] Other threads are currently calling into gRPC, skipping fork() handlers
I0000 00:00:1777121036.715694 7770908 fork_posix.cc:71] Other threads are currently calling into gRPC, skipping fork() handlers
I0000 00:00:1777121036.737327 7770908 fork_posix.cc:71] Other threads are currently calling into gRPC, skipping fork() handlers
/Users/zjn/.pyenv/versions/3.10.13/lib/python3.10/site-packages/pydub/utils.py:170: RuntimeWarning: Couldn't find ffmpeg or avconv - defaulting to ffmpeg, but may not work
  warn("Couldn't find ffmpeg or avconv - defaulting to ffmpeg, but may not work", RuntimeWarning)
I0000 00:00:1777121036.913731 7771960 fork_posix.cc:71] Other threads are currently calling into gRPC, skipping fork() handlers
E0000 00:00:1777121036.947818 7771960 tcp_posix.cc:595] recvmsg encountered uncommon error: Message too long
I0000 00:00:1777121036.951954 7771960 fork_posix.cc:71] Other threads are currently calling into gRPC, skipping fork() handlers
WARNING:absl:Could not get a11y tree, retrying.
I0000 00:00:1777121037.986026 7770872 fork_posix.cc:71] Other threads are currently calling into gRPC, skipping fork() handlers
I0000 00:00:1777121038.039523 7772066 fork_posix.cc:71] Other threads are currently calling into gRPC, skipping fork() handlers
I0000 00:00:1777121038.062677 7772066 fork_posix.cc:71] Other threads are currently calling into gRPC, skipping fork() handlers
I0000 00:00:1777121038.081417 7772066 fork_posix.cc:71] Other threads are currently calling into gRPC, skipping fork() handlers
ERROR:absl:Failed to launch activity: 'com.simplemobiletools.calendar.pro/com.simplemobiletools.calendar.pro.activities.MainActivity'
I0000 00:00:1777121045.111755 7772066 fork_posix.cc:71] Other threads are currently calling into gRPC, skipping fork() handlers
I0000 00:00:1777121045.159030 7772066 fork_posix.cc:71] Other threads are currently calling into gRPC, skipping fork() handlers
[gui-demo] setup attempt 1/3 failed: /data/data/com.simplemobiletools.calendar.pro/databases does not exist.
I0000 00:00:1777121050.555106 7772472 fork_posix.cc:71] Other threads are currently calling into gRPC, skipping fork() handlers
I0000 00:00:1777121050.588015 7772472 fork_posix.cc:71] Other threads are currently calling into gRPC, skipping fork() handlers
I0000 00:00:1777121050.616071 7772472 fork_posix.cc:71] Other threads are currently calling into gRPC, skipping fork() handlers
I0000 00:00:1777121050.650122 7772601 fork_posix.cc:71] Other threads are currently calling into gRPC, skipping fork() handlers
I0000 00:00:1777121050.660125 7772472 fork_posix.cc:71] Other threads are currently calling into gRPC, skipping fork() handlers
I0000 00:00:1777121050.675161 7772601 fork_posix.cc:71] Other threads are currently calling into gRPC, skipping fork() handlers
I0000 00:00:1777121064.002150 7772472 fork_posix.cc:71] Other threads are currently calling into gRPC, skipping fork() handlers
I0000 00:00:1777121064.105040 7772472 fork_posix.cc:71] Other threads are currently calling into gRPC, skipping fork() handlers
I0000 00:00:1777121064.141690 7772472 fork_posix.cc:71] Other threads are currently calling into gRPC, skipping fork() handlers
I0000 00:00:1777121065.169995 7772472 fork_posix.cc:71] Other threads are currently calling into gRPC, skipping fork() handlers
I0000 00:00:1777121066.209520 7772472 fork_posix.cc:71] Other threads are currently calling into gRPC, skipping fork() handlers
I0000 00:00:1777121066.255334 7772472 fork_posix.cc:71] Other threads are currently calling into gRPC, skipping fork() handlers
I0000 00:00:1777121066.284672 7772472 fork_posix.cc:71] Other threads are currently calling into gRPC, skipping fork() handlers
I0000 00:00:1777121066.312519 7772472 fork_posix.cc:71] Other threads are currently calling into gRPC, skipping fork() handlers
I0000 00:00:1777121066.338178 7772472 fork_posix.cc:71] Other threads are currently calling into gRPC, skipping fork() handlers
I0000 00:00:1777121066.364266 7772472 fork_posix.cc:71] Other threads are currently calling into gRPC, skipping fork() handlers
I0000 00:00:1777121066.388126 7773621 fork_posix.cc:71] Other threads are currently calling into gRPC, skipping fork() handlers
E0000 00:00:1777121066.433701 7773621 tcp_posix.cc:595] recvmsg encountered uncommon error: Message too long
I0000 00:00:1777121066.487284 7770872 fork_posix.cc:71] Other threads are currently calling into gRPC, skipping fork() handlers
I0000 00:00:1777121066.511657 7773702 fork_posix.cc:71] Other threads are currently calling into gRPC, skipping fork() handlers
I0000 00:00:1777121066.536966 7773702 fork_posix.cc:71] Other threads are currently calling into gRPC, skipping fork() handlers
I0000 00:00:1777121066.695550 7773702 fork_posix.cc:71] Other threads are currently calling into gRPC, skipping fork() handlers
ERROR:absl:Failed to launch activity: 'com.simplemobiletools.calendar.pro/com.simplemobiletools.calendar.pro.activities.MainActivity'
I0000 00:00:1777121073.837906 7773702 fork_posix.cc:71] Other threads are currently calling into gRPC, skipping fork() handlers
I0000 00:00:1777121073.868392 7773702 fork_posix.cc:71] Other threads are currently calling into gRPC, skipping fork() handlers
[gui-demo] setup attempt 2/3 failed: /data/data/com.simplemobiletools.calendar.pro/databases does not exist.
I0000 00:00:1777121079.304072 7774436 fork_posix.cc:71] Other threads are currently calling into gRPC, skipping fork() handlers
I0000 00:00:1777121079.332908 7774436 fork_posix.cc:71] Other threads are currently calling into gRPC, skipping fork() handlers
I0000 00:00:1777121079.383688 7774436 fork_posix.cc:71] Other threads are currently calling into gRPC, skipping fork() handlers
I0000 00:00:1777121079.442313 7774540 fork_posix.cc:71] Other threads are currently calling into gRPC, skipping fork() handlers
I0000 00:00:1777121079.454414 7774436 fork_posix.cc:71] Other threads are currently calling into gRPC, skipping fork() handlers
I0000 00:00:1777121093.014672 7774436 fork_posix.cc:71] Other threads are currently calling into gRPC, skipping fork() handlers
E0000 00:00:1777121093.063298 7774436 tcp_posix.cc:595] recvmsg encountered uncommon error: Message too long
I0000 00:00:1777121093.073709 7774436 fork_posix.cc:71] Other threads are currently calling into gRPC, skipping fork() handlers
I0000 00:00:1777121093.102936 7774436 fork_posix.cc:71] Other threads are currently calling into gRPC, skipping fork() handlers
I0000 00:00:1777121094.130970 7774436 fork_posix.cc:71] Other threads are currently calling into gRPC, skipping fork() handlers
I0000 00:00:1777121095.168904 7774436 fork_posix.cc:71] Other threads are currently calling into gRPC, skipping fork() handlers
I0000 00:00:1777121095.221117 7774436 fork_posix.cc:71] Other threads are currently calling into gRPC, skipping fork() handlers
I0000 00:00:1777121095.251881 7774436 fork_posix.cc:71] Other threads are currently calling into gRPC, skipping fork() handlers
I0000 00:00:1777121095.281685 7774436 fork_posix.cc:71] Other threads are currently calling into gRPC, skipping fork() handlers
I0000 00:00:1777121095.309003 7774436 fork_posix.cc:71] Other threads are currently calling into gRPC, skipping fork() handlers
I0000 00:00:1777121095.363676 7774436 fork_posix.cc:71] Other threads are currently calling into gRPC, skipping fork() handlers
I0000 00:00:1777121095.390719 7775550 fork_posix.cc:71] Other threads are currently calling into gRPC, skipping fork() handlers
E0000 00:00:1777121095.435067 7775550 tcp_posix.cc:595] recvmsg encountered uncommon error: Message too long
WARNING:absl:Could not get a11y tree, retrying.
I0000 00:00:1777121096.485738 7770872 fork_posix.cc:71] Other threads are currently calling into gRPC, skipping fork() handlers
I0000 00:00:1777121096.530191 7775651 fork_posix.cc:71] Other threads are currently calling into gRPC, skipping fork() handlers
I0000 00:00:1777121096.558808 7775651 fork_posix.cc:71] Other threads are currently calling into gRPC, skipping fork() handlers
I0000 00:00:1777121096.579571 7775651 fork_posix.cc:71] Other threads are currently calling into gRPC, skipping fork() handlers
ERROR:absl:Failed to launch activity: 'com.simplemobiletools.calendar.pro/com.simplemobiletools.calendar.pro.activities.MainActivity'
I0000 00:00:1777121103.609679 7775651 fork_posix.cc:71] Other threads are currently calling into gRPC, skipping fork() handlers
I0000 00:00:1777121103.639033 7775651 fork_posix.cc:71] Other threads are currently calling into gRPC, skipping fork() handlers
[gui-demo] setup attempt 3/3 failed: /data/data/com.simplemobiletools.calendar.pro/databases does not exist.
fatal_error: setup failed after retries: /data/data/com.simplemobiletools.calendar.pro/databases does not exist.
Record written: /Users/zjn/Desktop/AIR/research/android_world_clean/new/gui_trace_evaluator/results/fullchain_5tasks_20260425_rerun_202532/exec_SimpleCalendarAddOneEvent_seed33/results.json
Success=None reward=None steps=0
